2024-07-15T10:59:54.153Z
cwd: ~/Documents/updates/new/pip-service-design-prototype
package: govuk-prototype-kit@13.16.2
argv: ~/.nvm/versions/node/v20.11.1/bin/node ~/.npm/_npx/751a68202a4807b7/node_modules/.bin/govuk-prototype-kit migrate
Started [Check migration is being applied to a pre v13 prototype]
Succeeded [Check migration is being applied to a pre v13 prototype]
2024-07-15T11:00:09.567Z
cwd: ~/Documents/updates/new/pip-service-design-prototype
package: govuk-prototype-kit@13.16.2
argv: ~/.nvm/versions/node/v20.11.1/bin/node ~/Documents/updates/new/pip-service-design-prototype/node_modules/.bin/govuk-prototype-kit migrate -- ~/Documents/updates/new/pip-service-design-prototype
Started [Migrate config.js to config.json]
Started [Update application SCSS file]
Started [Deleted files that are no longer needed]
Started [Deleted directories that are no longer needed]
Started [Delete listen-on-port.js]
Started [Delete gulpfile.js]
Started [Delete VERSION.txt]
Started [Delete Procfile]
Started [Delete app/assets/sass/application-ie8.scss]
Started [Delete app/assets/sass/unbranded-ie8.scss]
Started [Delete start.js]
Started [Delete server.js]
Started [Remove unused directory docs]
Started [Remove unused directory lib]
Started [Remove unused directory gulp]
Started [Remove unused directory public]
Succeeded [Migrate config.js to config.json]
Succeeded [Delete gulpfile.js]
Succeeded [Delete listen-on-port.js]
Succeeded [Delete VERSION.txt]
Succeeded [Delete Procfile]
Succeeded [Delete app/assets/sass/application-ie8.scss]
Succeeded [Delete app/assets/sass/unbranded-ie8.scss]
Succeeded [Delete start.js]
Succeeded [Delete server.js]
Succeeded [Deleted files that are no longer needed]
Started [Overwrite app/filters.js]
Started [Overwrite app/assets/javascripts/application.js]
Started [Overwrite app/views/layout.html]
Copying from [node_modules/govuk-prototype-kit/prototype-starter/app/filters.js] to [app/filters.js]
Started [Delete app/assets/images/separator-2x.png]
Found [// Add your routes here - above the module.exports line] in [app/routes.js], replacing
Started [Delete app/assets/images/unbranded.ico]
Started [Delete app/assets/javascripts/auto-store-data.js]
Copying from [node_modules/govuk-prototype-kit/prototype-starter/app/assets/javascripts/application.js] to [app/assets/javascripts/application.js]
Started [Delete app/assets/images/separator.png]
Started [Delete app/views/includes/breadcrumb_examples.html]
Started [Delete app/views/includes/scripts.html]
Started [Delete app/views/includes/head.html]
Started [Delete app/views/layout_unbranded.html]
Started [Delete app/assets/sass/patterns/_step-by-step-header.scss]
Started [Delete app/assets/sass/patterns/_related-items.scss]
Started [Delete app/assets/sass/patterns/_step-by-step-related.scss]
Failed [Overwrite app/views/layout.html]
Started [Delete app/assets/sass/unbranded.scss]
Succeeded [Remove unused directory gulp]
Keeping these lines from old file
Started [Delete app/assets/sass/patterns/_task-list.scss]
Started [Delete app/assets/sass/patterns/_step-by-step-nav.scss]
Succeeded [Delete app/assets/images/separator-2x.png]
Succeeded [Delete app/assets/javascripts/auto-store-data.js]
Succeeded [Delete app/views/includes/breadcrumb_examples.html]
Succeeded [Delete app/views/includes/scripts.html]
Succeeded [Delete app/assets/images/separator.png]
Succeeded [Delete app/views/includes/head.html]
Succeeded [Delete app/views/layout_unbranded.html]
Succeeded [Delete app/assets/sass/patterns/_step-by-step-header.scss]
Succeeded [Delete app/assets/sass/patterns/_related-items.scss]
Succeeded [Delete app/assets/sass/patterns/_step-by-step-related.scss]
Succeeded [Delete app/assets/images/unbranded.ico]
Succeeded [Delete app/assets/sass/unbranded.scss]
Found [// Add extra styles here, or re-organise the Sass files in whichever way makes most sense to you] in [app/assets/sass/application.scss], replacing
Succeeded [Delete app/assets/sass/patterns/_task-list.scss]
Succeeded [Delete app/assets/sass/patterns/_step-by-step-nav.scss]
Keeping these lines from old file
Started [Delete app/assets/javascripts/jquery-1.11.3.js]
Succeeded [Remove unused directory lib]
//,// For guidance on how to create routes see:,// https://prototype-kit.service.gov.uk/docs/create-routes,//,,const govukPrototypeKit = require('govuk-prototype-kit'),const router = govukPrototypeKit.requests.setupRouter(),,// Add your routes here,,,//routing for activities screen,router.post('/select-activities-router', function(req, res, next){,,const selectActivity = req.session.data['daily-activity'],,  if (selectActivity == 'prep-food') {,    res.redirect('/sprint-1/preparing-food/choose-method'),  } ,  if (selectActivity == 'dressing') {,    res.redirect('/sprint-1/dressing/choose-method'),  } ,  if (selectActivity == 'moving-around') {,    res.redirect('/sprint-1/moving-around/choose-method'),  } ,  ,  else {,    res.redirect('/sprint-1/preparing-food/choose-method'),  },}),,//routing for choose method prep food screen,router.post('/choose-method-router', function(req, res, next){,,    const chooseMethod = req.session.data['choose-method-preparing-food'],    ,      if (chooseMethod == 'nhs') {,        res.redirect('/sprint-1/ask-nhs/preparing-food'),      } ,      if (chooseMethod == 'someone-i-know') {,        res.redirect('/sprint-1/vouch-for-me/preparing-food'),      } ,      if (chooseMethod == 'diary') {,        res.redirect('/sprint-1/preparing-food/diary/good/problems-prep-food'),      } ,      ,      else {,        res.redirect('/sprint-1/preparing-food/choose-method'),      },    }),,  //routing for choose method dressing screen,router.post('/choose-method-dressing-router', function(req, res, next){,,  const chooseMethod = req.session.data['choose-method-dressing'],  ,    if (chooseMethod == 'nhs') {,      res.redirect('/sprint-1/ask-nhs/dressing'),    } ,    if (chooseMethod == 'someone-i-know') {,      res.redirect('/sprint-1/vouch-for-me/dressing'),    } ,    if (chooseMethod == 'diary') {,      res.redirect('/sprint-1/dressing/diary/good/problems-dressing'),    } ,    ,    else {,      res.redirect('/sprint-1/dressing/choose-method'),    },  }),,  //routing for choose method moving around screen,  router.post('/choose-method-moving-around-router', function(req, res, next){,,    const chooseMethod = req.session.data['choose-method-moving-around'],    ,      if (chooseMethod == 'nhs') {,        res.redirect('/sprint-1/ask-nhs/moving-around'),      } ,      if (chooseMethod == 'someone-i-know') {,        res.redirect('/sprint-1/vouch-for-me/moving-around'),      } ,      if (chooseMethod == 'diary') {,        res.redirect('/sprint-1/moving-around/diary/good/problems-moving-around'),      } ,      ,      else {,        res.redirect('/sprint-1/moving-around/choose-method'),      },    }),,//routing for how to contact screen,router.post('/how-contact-router', function(req, res, next){,,    const howContact = req.session.data['how-contact'],    ,      if (howContact == 'email') {,        res.redirect('/sprint-1/vouch-for-me/email'),      } ,      if (howContact == 'phone') {,        res.redirect('/sprint-1/vouch-for-me/phone'),      } ,      if (howContact == 'text') {,        res.redirect('/sprint-1/vouch-for-me/mobile'),      } ,      if (howContact == 'letter') {,        res.redirect('/sprint-1/vouch-for-me/address'),      } ,      ,      else {,        res.redirect('/sprint-1/vouch-for-me/email'),      },    }),,//DIARY ROUTES,,//GOOD DAY,,//GOOD DAY PREP FOOD,,//routing for food prep problems on a good day screen,router.post('/good-problems-prep-food-router', function(req, res, next){,,    const problemsFoodGood = req.session.data['problems-food'],    ,      if (problemsFoodGood == 'good-pain') {,        res.redirect('/sprint-1/preparing-food/diary/good/pain-preparing-food'),      } ,      if (problemsFoodGood == 'tired') {,        res.redirect('/sprint-1/preparing-food/diary/good/pain-preparing-food'),      } ,      if (problemsFoodGood == 'good-hurt') {,        res.redirect('/sprint-1/preparing-food/diary/good/hurt-preparing-food'),      } ,,      if (problemsFoodGood == 'good-supervision') {,        res.redirect('/sprint-1/preparing-food/diary/good/supervision-preparing-food'),      } ,      if (problemsFoodGood == 'good-help') {,        res.redirect('/sprint-1/preparing-food/diary/good/supervision-preparing-food'),      } ,,      if (problemsFoodGood == 'good-reminder') {,        res.redirect('/sprint-1/preparing-food/diary/good/reminder-preparing-food'),      } ,      if (problemsFoodGood == 'good-unable') {,        res.redirect('/sprint-1/preparing-food/diary/good/unable-preparing-food'),      } ,      ,      else {,        res.redirect('/sprint-1/preparing-food/diary/good/pain-preparing-food'),      },    }),,//GOOD DAY DRESS AND UNDRESS,,//routing for dressing problems on a good day screen,router.post('/good-problems-dressing-router', function(req, res, next){,,  const problemsDressingGood = req.session.data['problems-dressing'],  ,    if (problemsDressingGood == 'good-pain') {,      res.redirect('/sprint-1/dressing/diary/good/pain-dressing'),    } ,    if (problemsDressingGood == 'good-tired') {,      res.redirect('/sprint-1/dressing/diary/good/pain-dressing'),    } ,    if (problemsDressingGood == 'good-hurt') {,      res.redirect('/sprint-1/dressing/diary/good/hurt-dressing'),    } ,,    if (problemsDressingGood == 'good-supervision') {,      res.redirect('/sprint-1/dressing/diary/good/supervision-dressing'),    } ,    if (problemsDressingGood == 'good-help') {,      res.redirect('/sprint-1/dressing/diary/good/supervision-dressing'),    } ,,    if (problemsDressingGood == 'good-reminder') {,      res.redirect('/sprint-1/dressing/diary/good/reminder-dressing'),    } ,    if (problemsDressingGood == 'good-unable') {,      res.redirect('/sprint-1/dressing/diary/good/unable-dressing'),    } ,    ,    else {,      res.redirect('/sprint-1/dressing/diary/good/pain-dressing'),    },  }),,//GOOD DAY MOVE AROUND,,//routing for moving-around problems on a good day screen,router.post('/good-problems-moving-around-router', function(req, res, next){,,  const problemsMovingAroundGood = req.session.data['problems-moving-around'],  ,    if (problemsMovingAroundGood == 'good-pain') {,      res.redirect('/sprint-1/moving-around/diary/good/pain-moving-around'),    } ,    if (problemsMovingAroundGood == 'good-tired') {,      res.redirect('/sprint-1/moving-around/diary/good/pain-moving-around'),    } ,    if (problemsMovingAroundGood == 'good-hurt') {,      res.redirect('/sprint-1/moving-around/diary/good/hurt-moving-around'),    } ,,    if (problemsMovingAroundGood == 'good-supervision') {,      res.redirect('/sprint-1/moving-around/diary/good/supervision-moving-around'),    } ,    if (problemsMovingAroundGood == 'good-help') {,      res.redirect('/sprint-1/moving-around/diary/good/supervision-moving-around'),    } ,,    if (problemsMovingAroundGood == 'good-reminder') {,      res.redirect('/sprint-1/moving-around/diary/good/reminder-moving-around'),    } ,    if (problemsMovingAroundGood == 'good-unable') {,      res.redirect('/sprint-1/moving-around/diary/good/unable-moving-around'),    } ,    ,    else {,      res.redirect('/sprint-1/moving-around/diary/good/pain-moving-around'),    },  }),,//BAD DAY,,//BAD DAY PREP FOOD,,//routing for food prep problems on a bad day screen,router.post('/bad-problems-prep-food-router', function(req, res, next){,,    const problemsFoodBad = req.session.data['problems-food'],    ,      if (problemsFoodBad == 'bad-pain') {,        res.redirect('/sprint-1/preparing-food/diary/bad/pain-preparing-food'),      } ,      if (problemsFoodBad == 'bad-tired') {,        res.redirect('/sprint-1/preparing-food/diary/bad/pain-preparing-food'),      } ,      if (problemsFoodBad == 'bad-hurt') {,        res.redirect('/sprint-1/preparing-food/diary/bad/hurt-preparing-food'),      } ,,      if (problemsFoodBad == 'bad-supervision') {,        res.redirect('/sprint-1/preparing-food/diary/bad/supervision-preparing-food'),      } ,      if (problemsFoodBad == 'bad-help') {,        res.redirect('/sprint-1/preparing-food/diary/bad/supervision-preparing-food'),      } ,,      if (problemsFoodBad == 'bad-reminder') {,        res.redirect('/sprint-1/preparing-food/diary/bad/reminder-preparing-food'),      } ,      if (problemsFoodBad == 'bad-unable') {,        res.redirect('/sprint-1/preparing-food/diary/bad/unable-preparing-food'),      } ,      ,      else {,        res.redirect('/sprint-1/preparing-food/diary/bad/pain-preparing-food'),      },    }),,//BAD DAY DRESSING,,//routing for dressing problems on a bad day screen,router.post('/bad-problems-dressing-router', function(req, res, next){,,  const problemsDressingBad = req.session.data['problems-dressing'],  ,    if (problemsDressingBad == 'bad-pain') {,      res.redirect('/sprint-1/dressing/diary/bad/pain-dressing'),    } ,,    if (problemsDressingBad == 'bad-tired') {,      res.redirect('/sprint-1/dressing/diary/bad/pain-dressing'),    } ,    if (problemsDressingBad == 'bad-hurt') {,      res.redirect('/sprint-1/dressing/diary/bad/hurt-dressing'),    } ,,    if (problemsDressingBad == 'bad-supervision') {,      res.redirect('/sprint-1/dressing/diary/bad/supervision-dressing'),    } ,    if (problemsDressingBad == 'bad-help') {,      res.redirect('/sprint-1/dressing/diary/bad/supervision-dressing'),    } ,,    if (problemsDressingBad == 'bad-reminder') {,      res.redirect('/sprint-1/dressing/diary/bad/reminder-dressing'),    } ,    if (problemsDressingBad == 'bad-unable') {,      res.redirect('/sprint-1/dressing/diary/bad/unable-dressing'),    } ,    ,    else {,      res.redirect('/sprint-1/dressing/diary/bad/pain-dressing'),    },  }),,//BAD DAY MOVING AROUND,,//routing for moving around problems on a bad day screen,router.post('/bad-problems-moving-around-router', function(req, res, next){,,  const problemsMovingBad = req.session.data['problems-moving-around'],  ,    if (problemsMovingBad == 'bad-pain') {,      res.redirect('/sprint-1/moving-around/diary/bad/pain-moving-around'),    } ,    if (problemsMovingBad == 'bad-tired') {,      res.redirect('/sprint-1/moving-around/diary/bad/pain-moving-around'),    } ,    if (problemsMovingBad == 'bad-hurt') {,      res.redirect('/sprint-1/moving-around/diary/bad/hurt-moving-around'),    },,    if (problemsMovingBad == 'bad-supervision') {,      res.redirect('/sprint-1/moving-around/diary/bad/supervision-moving-around'),    } ,    if (problemsMovingBad == 'bad-help') {,      res.redirect('/sprint-1/moving-around/diary/bad/supervision-moving-around'),    } ,,    if (problemsMovingBad == 'bad-reminder') {,      res.redirect('/sprint-1/moving-around/diary/bad/reminder-moving-around'),    } ,    if (problemsMovingBad == 'bad-unable') {,      res.redirect('/sprint-1/moving-around/diary/bad/unable-moving-around'),    } ,    ,    else {,      res.redirect('/sprint-1/moving-around/diary/bad/pain-moving-around'),    },  }),,  // hypothesis 1 v1 routes,,  //activity selector routing,,  router.post('/daily-activity-select', function(req, res, next){,,    const dailyActivityCheck = req.session.data['daily-activity'],    ,      if (dailyActivityCheck == 'work') {,        res.redirect('/h1/it1/v1/work-support'),      } ,      if (dailyActivityCheck == 'travel') {,        res.redirect('/h1/it1/v1/travel-support'),      } ,      if (dailyActivityCheck == 'shopping') {,        res.redirect('/h1/it1/v1/shopping-support'),      } ,      if (dailyActivityCheck == 'housework') {,        res.redirect('/h1/it1/v1/housework-support'),      } ,      if (dailyActivityCheck == 'medical-appointments') {,        res.redirect('/h1/it1/v1/medical-support'),      } ,      if (dailyActivityCheck == 'prepare-meals') {,        res.redirect('/h1/it1/v1/food-support'),      } ,      if (dailyActivityCheck == 'budgeting') {,        res.redirect('/h1/it1/v1/budgeting-support'),      } ,      else {,        res.redirect('/h1/it1/v1/none'),      } ,    }),,            // work ,          ,            router.post('/work-router', function(req, res, next){,          ,              const workCheck = req.session.data['work-help'],              ,                if (workCheck == 'need-help') {,                  res.redirect('/h1/it1/v1/work-help'),                } ,                if (workCheck == 'use-aids') {,                  res.redirect('/h1/it1/v1/work-aids'),                } ,                else {,                  res.redirect('/h1/it1/v1/food-support'),                } ,              }),, // travel,,    router.post('/travel-router', function(req, res, next){,,      const travelCheck = req.session.data['travel-help'],      ,        if (travelCheck == 'need-help') {,          res.redirect('/h1/it1/v1/travel-help'),        } ,        if (travelCheck == 'use-aids') {,          res.redirect('/h1/it1/v1/travel-aids'),        } ,        else {,          res.redirect('/h1/it1/v1/shopping-support'),        } ,      }),    ,    ,      // shopping ,    ,    ,    router.post('/shopping-router', function(req, res, next){,    ,      const shoppingCheck = req.session.data['shopping-help'],      ,        if (shoppingCheck == 'need-help') {,          res.redirect('/h1/it1/v1/shopping-help'),        } ,        if (shoppingCheck == 'use-aids') {,          res.redirect('/h1/it1/v1/shopping-aids'),        } ,        else {,          res.redirect('/h1/it1/v1/housework-support'),        } ,      }),    ,      ,      // housework ,    ,    ,    router.post('/housework-router', function(req, res, next){,    ,      const houseworkCheck = req.session.data['housework-help'],      ,        if (houseworkCheck == 'need-help') {,          res.redirect('/h1/it1/v1/housework-help'),        } ,        if (houseworkCheck == 'use-aids') {,          res.redirect('/h1/it1/v1/housework-aids'),        } ,        else {,          res.redirect('/h1/it1/v1/medical-support'),        } ,      }),    ,    ,        // medical appointments ,    ,      ,      router.post('/medical-router', function(req, res, next){,      ,        const medicalCheck = req.session.data['medical-help'],        ,          if (medicalCheck == 'need-help') {,            res.redirect('/h1/it1/v1/medical-help'),          } ,          if (medicalCheck == 'use-aids') {,            res.redirect('/h1/it1/v1/medical-aids'),          } ,          else {,            res.redirect('/h1/it1/v1/work-support'),          } ,        }),    ,,    ,        ,    // preparing food ,    ,,          ,          router.post('/food-router', function(req, res, next){,          ,            const workCheck = req.session.data['food-help'],            ,              if (workCheck == 'need-help') {,                res.redirect('/h1/it1/v1/food-help'),              } ,              if (workCheck == 'use-aids') {,                res.redirect('/h1/it1/v1/food-aids'),              } ,              else {,                res.redirect('/h1/it1/v1/budgeting-support'),              } ,            }),    ,    // budgeting,    ,,    ,    router.post('/budgeting-router', function(req, res, next){,    ,    const budgetingCheck = req.session.data['budgeting-help'],    ,      if (budgetingCheck == 'need-help') {,        res.redirect('/h1/it1/budgeting-help'),      } ,      if (budgetingCheck == 'use-aids') {,        res.redirect('/h1/it1/budgeting-aids'),      } ,      else {,        res.redirect('/h1/it1/cya'),      } ,    }),    ,,  // v2 routes,,  // travelling ,,  router.get(/travelSelect/ , function (req, res) {,    if (req.query.radioGroup === "yes") {,        res.redirect('travel-support'),    },    else {,        res.redirect('travel-no'),    },}),,router.post('/travel-how-router', function(req, res, next){,,  const travelCheck = req.session.data['travel-help'],  ,    if (travelCheck == 'need-help') {,      res.redirect('/h1/it1/travel-help'),    } ,    if (travelCheck == 'use-aids') {,      res.redirect('/h1/it1/travel-aids'),    } ,    else {,      res.redirect('/h1/it1/shopping'),    } ,  }),,,  // shopping ,,  router.get(/shoppingSelect/ , function (req, res) {,    if (req.query.radioGroup === "yes") {,        res.redirect('shopping-support'),    },    else {,        res.redirect('shopping-no'),    },}),,router.post('/shopping-how-router', function(req, res, next){,,  const shoppingCheck = req.session.data['shopping-help'],  ,    if (shoppingCheck == 'need-help') {,      res.redirect('/h1/it1/shopping-help'),    } ,    if (shoppingCheck == 'use-aids') {,      res.redirect('/h1/it1/shopping-aids'),    } ,    else {,      res.redirect('/h1/it1/housework'),    } ,  }),,  ,  // housework ,,  router.get(/houseworkSelect/ , function (req, res) {,    if (req.query.radioGroup === "yes") {,        res.redirect('housework-support'),    },    else {,        res.redirect('housework-no'),    },}),,router.post('/housework-how-router', function(req, res, next){,,  const houseworkCheck = req.session.data['housework-help'],  ,    if (houseworkCheck == 'need-help') {,      res.redirect('/h1/it1/housework-help'),    } ,    if (houseworkCheck == 'use-aids') {,      res.redirect('/h1/it1/housework-aids'),    } ,    else {,      res.redirect('/h1/it1/medical-appts'),    } ,  }),,,    // medical appointments ,,    router.get(/medicalApptsSelect/ , function (req, res) {,      if (req.query.radioGroup === "yes") {,          res.redirect('medical-support'),      },      else {,          res.redirect('medical-no'),      },  }),  ,  router.post('/medical-how-router', function(req, res, next){,  ,    const medicalCheck = req.session.data['medical-help'],    ,      if (medicalCheck == 'need-help') {,        res.redirect('/h1/it1/medical-help'),      } ,      if (medicalCheck == 'use-aids') {,        res.redirect('/h1/it1/medical-aids'),      } ,      else {,        res.redirect('/h1/it1/work'),      } ,    }),,        // work ,,        router.get(/workSelect/ , function (req, res) {,          if (req.query.radioGroup === "yes") {,              res.redirect('work-support'),          },          else {,              res.redirect('work-no'),          },      }),      ,      router.post('/work-how-router', function(req, res, next){,      ,        const workCheck = req.session.data['work-help'],        ,          if (workCheck == 'need-help') {,            res.redirect('/h1/it1/work-help'),          } ,          if (workCheck == 'use-aids') {,            res.redirect('/h1/it1/work-aids'),          } ,          else {,            res.redirect('/h1/it1/food'),          } ,        }),,    ,// preparing food ,,        router.get(/foodSelect/ , function (req, res) {,          if (req.query.radioGroup === "yes") {,              res.redirect('food-support'),          },          else {,              res.redirect('food-no'),          },      }),      ,      router.post('/food-how-router', function(req, res, next){,      ,        const workCheck = req.session.data['food-help'],        ,          if (workCheck == 'need-help') {,            res.redirect('/h1/it1/food-help'),          } ,          if (workCheck == 'use-aids') {,            res.redirect('/h1/it1/food-aids'),          } ,          else {,            res.redirect('/h1/it1/budgeting'),          } ,        }),,// budgeting,,router.get(/budgetingSelect/ , function (req, res) {,  if (req.query.radioGroup === "yes") {,      res.redirect('budgeting-support'),  },  else {,      res.redirect('budgeting-no'),  },}),,router.post('/budgeting-how-router', function(req, res, next){,,const budgetingCheck = req.session.data['budgeting-help'],,  if (budgetingCheck == 'need-help') {,    res.redirect('/h1/it1/budgeting-help'),  } ,  if (budgetingCheck == 'use-aids') {,    res.redirect('/h1/it1/budgeting-aids'),  } ,  else {,    res.redirect('/h1/it1/cya'),  } ,}),,,module.exports = router,
Succeeded [Update application SCSS file]
Succeeded [Remove unused directory public]
Found [module.exports = router;,module.exports = router] in [app/routes.js], removing
Succeeded [Delete app/assets/javascripts/jquery-1.11.3.js]
Succeeded [Remove unused directory docs]
Succeeded [Deleted directories that are no longer needed]
Succeeded [Update routes file]
Succeeded [Overwrite app/filters.js]
Succeeded [Overwrite app/assets/javascripts/application.js]
ENOENT: no such file or directory, stat '/Users/ben.raine/Documents/updates/new/pip-service-design-prototype/app/views/layout_unbranded.html'
Error: ENOENT: no such file or directory, stat '/Users/ben.raine/Documents/updates/new/pip-service-design-prototype/app/views/layout_unbranded.html'
